<?xml version="1.0" encoding="UTF-8"?>
<!-- Generated by org.testng.reporters.JUnitReportReporter -->
<testsuite skipped="0" hostname="DESKTOP-CIJNVUT" name="awsDesktopBrowsersample.DesktopBrowserAWS" tests="1" failures="0" timestamp="06 Mar 2020 14:37:03 GMT" time="0.681" errors="0">
  <testcase name="myTest" time="0.681" classname="awsDesktopBrowsersample.DesktopBrowserAWS"/>
</testsuite> <!-- awsDesktopBrowsersample.DesktopBrowserAWS -->
